<?xml version="1.0" encoding="UTF-8"?>
<testng-results skipped="0" failed="0" ignored="0" total="1" passed="1">
  <reporter-output>
  </reporter-output>
  <suite name="Default suite" duration-ms="4529" started-at="2023-02-15T18:31:19Z" finished-at="2023-02-15T18:31:23Z">
    <groups>
    </groups>
    <test name="Default test" duration-ms="4529" started-at="2023-02-15T18:31:19Z" finished-at="2023-02-15T18:31:23Z">
      <class name="test.LoginTest">
        <test-method status="PASS" signature="validUserShouldBeAbleToLogin()[pri:0, instance:test.LoginTest@3bfdc050]" name="validUserShouldBeAbleToLogin" duration-ms="4513" started-at="2023-02-15T12:31:19Z" finished-at="2023-02-15T12:31:23Z">
          <reporter-output>
          </reporter-output>
        </test-method> <!-- validUserShouldBeAbleToLogin -->
      </class> <!-- test.LoginTest -->
    </test> <!-- Default test -->
  </suite> <!-- Default suite -->
</testng-results>
